Using pre-set license
Built from '2020.3/staging' branch; Version is '2020.3.19f1 (68f137dc9bbe) revision 6877495'; Using compiler version '192528614'; Build Type 'Release'
OS: 'Windows 10 Pro; OS build 19043.1466; Version 2009; 64bit' Language: 'es' Physical Memory: 16342 MB
BatchMode: 1, IsHumanControllingUs: 0, StartBugReporterOnCrash: 0, Is64bit: 1, IsPro: 0

COMMAND LINE ARGUMENTS:
C:\Program Files\Unity\Hub\Editor\2020.3.19f1\Editor\Unity.exe
-adb2
-batchMode
-noUpm
-name
AssetImportWorker0
-projectPath
D:/Oscar-Gonzalez/Entregable_Final
-logFile
Logs/AssetImportWorker0.log
-srvPort
49590
Successfully changed project path to: D:/Oscar-Gonzalez/Entregable_Final
D:/Oscar-Gonzalez/Entregable_Final
Using Asset Import Pipeline V2.
Refreshing native plugins compatible for Editor in 33.36 ms, found 2 plugins.
Preloading 0 native plugins for Editor in 0.00 ms.
Initialize engine version: 2020.3.19f1 (68f137dc9bbe)
[Subsystems] Discovering subsystems at path C:/Program Files/Unity/Hub/Editor/2020.3.19f1/Editor/Data/Resources/UnitySubsystems
[Subsystems] Discovering subsystems at path D:/Oscar-Gonzalez/Entregable_Final/Assets
GfxDevice: creating device client; threaded=0
Direct3D:
    Version:  Direct3D 11.0 [level 11.1]
    Renderer: NVIDIA GeForce GTX 1050 Ti (ID=0x1c82)
    Vendor:   
    VRAM:     4018 MB
    Driver:   26.21.14.3086
Initialize mono
Mono path[0] = 'C:/Program Files/Unity/Hub/Editor/2020.3.19f1/Editor/Data/Managed'
Mono path[1] = 'C:/Program Files/Unity/Hub/Editor/2020.3.19f1/Editor/Data/MonoBleedingEdge/lib/mono/unityjit'
Mono config path = 'C:/Program Files/Unity/Hub/Editor/2020.3.19f1/Editor/Data/MonoBleedingEdge/etc'
Using monoOptions --debugger-agent=transport=dt_socket,embedding=1,server=y,suspend=n,address=127.0.0.1:56704
Begin MonoManager ReloadAssembly
Registering precompiled unity dll's ...
Register platform support module: C:/Program Files/Unity/Hub/Editor/2020.3.19f1/Editor/Data/PlaybackEngines/WindowsStandaloneSupport/UnityEditor.WindowsStandalone.Extensions.dll
Registered in 0.002222 seconds.
Native extension for WindowsStandalone target not found
Refreshing native plugins compatible for Editor in 34.04 ms, found 2 plugins.
Preloading 0 native plugins for Editor in 0.00 ms.
Mono: successfully reloaded assembly
- Completed reload, in  1.415 seconds
Domain Reload Profiling:
	ReloadAssembly (1415ms)
		BeginReloadAssembly (66ms)
			ExecutionOrderSort (0ms)
			DisableScriptedObjects (0ms)
			BackupInstance (0ms)
			ReleaseScriptingObjects (0ms)
			CreateAndSetChildDomain (1ms)
		EndReloadAssembly (518ms)
			LoadAssemblies (63ms)
			RebuildTransferFunctionScriptingTraits (0ms)
			SetupTypeCache (189ms)
			ReleaseScriptCaches (0ms)
			RebuildScriptCaches (42ms)
			SetupLoadedEditorAssemblies (202ms)
				LogAssemblyErrors (0ms)
				InitializePlatformSupportModulesInManaged (6ms)
				SetLoadedEditorAssemblies (0ms)
				RefreshPlugins (34ms)
				BeforeProcessingInitializeOnLoad (21ms)
				ProcessInitializeOnLoadAttributes (104ms)
				ProcessInitializeOnLoadMethodAttributes (36ms)
				AfterProcessingInitializeOnLoad (0ms)
				EditorAssembliesLoaded (0ms)
			ExecutionOrderSort2 (0ms)
			AwakeInstancesAfterBackupRestoration (0ms)
Platform modules already initialized, skipping
Registering precompiled user dll's ...
Registered in 0.002342 seconds.
Begin MonoManager ReloadAssembly
Native extension for WindowsStandalone target not found
Refreshing native plugins compatible for Editor in 0.32 ms, found 2 plugins.
Preloading 0 native plugins for Editor in 0.00 ms.
Mono: successfully reloaded assembly
- Completed reload, in  1.265 seconds
Domain Reload Profiling:
	ReloadAssembly (1266ms)
		BeginReloadAssembly (186ms)
			ExecutionOrderSort (0ms)
			DisableScriptedObjects (6ms)
			BackupInstance (0ms)
			ReleaseScriptingObjects (0ms)
			CreateAndSetChildDomain (23ms)
		EndReloadAssembly (1010ms)
			LoadAssemblies (103ms)
			RebuildTransferFunctionScriptingTraits (0ms)
			SetupTypeCache (328ms)
			ReleaseScriptCaches (0ms)
			RebuildScriptCaches (57ms)
			SetupLoadedEditorAssemblies (405ms)
				LogAssemblyErrors (0ms)
				InitializePlatformSupportModulesInManaged (7ms)
				SetLoadedEditorAssemblies (1ms)
				RefreshPlugins (0ms)
				BeforeProcessingInitializeOnLoad (103ms)
				ProcessInitializeOnLoadAttributes (282ms)
				ProcessInitializeOnLoadMethodAttributes (5ms)
				AfterProcessingInitializeOnLoad (7ms)
				EditorAssembliesLoaded (0ms)
			ExecutionOrderSort2 (0ms)
			AwakeInstancesAfterBackupRestoration (9ms)
Platform modules already initialized, skipping
========================================================================
Worker process is ready to serve import requests
Launched and connected shader compiler UnityShaderCompiler.exe after 0.05 seconds
Refreshing native plugins compatible for Editor in 0.38 ms, found 2 plugins.
Preloading 0 native plugins for Editor in 0.00 ms.
Unloading 1399 Unused Serialized files (Serialized files now loaded: 0)
System memory in use before: 65.0 MB.
System memory in use after: 65.1 MB.

Unloading 16 unused Assets to reduce memory usage. Loaded Objects now: 1834.
Total: 3.615700 ms (FindLiveObjects: 0.153500 ms CreateObjectMapping: 0.045000 ms MarkObjects: 3.319200 ms  DeleteObjects: 0.096600 ms)

AssetImportParameters requested are different than current active one (requested -> active):
  custom:framework-win-MediaFoundation: 216162199b28c13a410421893ffa2e32 -> 
  custom:video-decoder-ogg-theora: a1e56fd34408186e4bbccfd4996cb3dc -> 
  custom:container-muxer-webm: aa71ff27fc2769a1b78a27578f13a17b -> 
  custom:container-demuxer-webm: 4f35f7cbe854078d1ac9338744f61a02 -> 
  custom:container-demuxer-ogg: 62fdf1f143b41e24485cea50d1cbac27 -> 
  custom:video-encoder-webm-vp8: eb34c28f22e8b96e1ab97ce403110664 -> 
  custom:video-decoder-webm-vp8: 9c59270c3fd7afecdb556c50c9e8de78 -> 
  custom:audio-decoder-ogg-vorbis: bf7c407c2cedff20999df2af8eb42d56 -> 
  custom:audio-encoder-webm-vorbis: bf7c407c2cedff20999df2af8eb42d56 -> 
========================================================================
Received Import Request.
  path: Assets/Scripts/moneda.fbx
  artifactKey: Guid(f6707e87dd32505439c1a8b9e8847a00) Importer(815301076,1909f56bfc062723c751e8b465ee728b)
Start importing Assets/Scripts/moneda.fbx using Guid(f6707e87dd32505439c1a8b9e8847a00) Importer(815301076,1909f56bfc062723c751e8b465ee728b)  -> (artifact id: '8cc07a2dcd98fa15865ec5408302fbb5') in 0.262924 seconds 
  Import took 0.265449 seconds .

========================================================================
Received Import Request.
  Time since last request: 15.397847 seconds.
  path: Assets/Prebas
  artifactKey: Guid(3099ba2be68c80e46bfc89c2c3d3169f) Importer(815301076,1909f56bfc062723c751e8b465ee728b)
Start importing Assets/Prebas using Guid(3099ba2be68c80e46bfc89c2c3d3169f) Importer(815301076,1909f56bfc062723c751e8b465ee728b)  -> (artifact id: '383e6d5f4a8c9efab2ea7da046ad78a4') in 0.001067 seconds 
  Import took 0.003561 seconds .

========================================================================
Received Import Request.
  Time since last request: 203.347521 seconds.
  path: Assets/Prebas/Assets
  artifactKey: Guid(14e9bd2ab4c6ad846bc9a520678c8c04) Importer(815301076,1909f56bfc062723c751e8b465ee728b)
Start importing Assets/Prebas/Assets using Guid(14e9bd2ab4c6ad846bc9a520678c8c04) Importer(815301076,1909f56bfc062723c751e8b465ee728b)  -> (artifact id: '352ea1eab1a542c10ff019276f2ecc2d') in 0.001126 seconds 
  Import took 0.004416 seconds .

========================================================================
Received Import Request.
  Time since last request: 0.071862 seconds.
  path: Assets/Prebas/Assets/Moneda.fbx
  artifactKey: Guid(2e68f38d17437554bbfcac7c3e2c05d2) Importer(815301076,1909f56bfc062723c751e8b465ee728b)
Start importing Assets/Prebas/Assets/Moneda.fbx using Guid(2e68f38d17437554bbfcac7c3e2c05d2) Importer(815301076,1909f56bfc062723c751e8b465ee728b)  -> (artifact id: '10e4473fe016fad1fafec2744e103867') in 0.027985 seconds 
  Import took 0.030669 seconds .

========================================================================
Received Import Request.
  Time since last request: 64.073693 seconds.
  path: Assets/Prebas/Assets/Moneda.fbx
  artifactKey: Guid(2e68f38d17437554bbfcac7c3e2c05d2) Importer(815301076,1909f56bfc062723c751e8b465ee728b)
Start importing Assets/Prebas/Assets/Moneda.fbx using Guid(2e68f38d17437554bbfcac7c3e2c05d2) Importer(815301076,1909f56bfc062723c751e8b465ee728b)  -> (artifact id: '95d0a54cb1de35187f1d89d4fef6ebc0') in 0.029385 seconds 
  Import took 0.031922 seconds .

========================================================================
Received Import Request.
  Time since last request: 48.429818 seconds.
  path: Assets/Prebas/Assets/Moneda.fbx
  artifactKey: Guid(2e68f38d17437554bbfcac7c3e2c05d2) Importer(815301076,1909f56bfc062723c751e8b465ee728b)
Start importing Assets/Prebas/Assets/Moneda.fbx using Guid(2e68f38d17437554bbfcac7c3e2c05d2) Importer(815301076,1909f56bfc062723c751e8b465ee728b)  -> (artifact id: 'cd29bbb6dcc5083da60edfc3460ebec7') in 0.027440 seconds 
  Import took 0.030131 seconds .

========================================================================
Received Import Request.
  Time since last request: 194.794797 seconds.
  path: Assets/Prebas/Assets/Moneda.fbx
  artifactKey: Guid(2e68f38d17437554bbfcac7c3e2c05d2) Importer(815301076,1909f56bfc062723c751e8b465ee728b)
Start importing Assets/Prebas/Assets/Moneda.fbx using Guid(2e68f38d17437554bbfcac7c3e2c05d2) Importer(815301076,1909f56bfc062723c751e8b465ee728b)  -> (artifact id: '33d055b5359802606d0de1fc6e9d4be3') in 0.266550 seconds 
  Import took 0.269954 seconds .

========================================================================
Received Prepare
Registering precompiled user dll's ...
Registered in 0.002011 seconds.
Begin MonoManager ReloadAssembly
Native extension for WindowsStandalone target not found
Refreshing native plugins compatible for Editor in 0.32 ms, found 2 plugins.
Preloading 0 native plugins for Editor in 0.00 ms.
Mono: successfully reloaded assembly
- Completed reload, in  1.124 seconds
Domain Reload Profiling:
	ReloadAssembly (1125ms)
		BeginReloadAssembly (138ms)
			ExecutionOrderSort (0ms)
			DisableScriptedObjects (5ms)
			BackupInstance (0ms)
			ReleaseScriptingObjects (0ms)
			CreateAndSetChildDomain (41ms)
		EndReloadAssembly (912ms)
			LoadAssemblies (100ms)
			RebuildTransferFunctionScriptingTraits (0ms)
			SetupTypeCache (301ms)
			ReleaseScriptCaches (1ms)
			RebuildScriptCaches (49ms)
			SetupLoadedEditorAssemblies (352ms)
				LogAssemblyErrors (0ms)
				InitializePlatformSupportModulesInManaged (6ms)
				SetLoadedEditorAssemblies (0ms)
				RefreshPlugins (0ms)
				BeforeProcessingInitializeOnLoad (84ms)
				ProcessInitializeOnLoadAttributes (246ms)
				ProcessInitializeOnLoadMethodAttributes (6ms)
				AfterProcessingInitializeOnLoad (7ms)
				EditorAssembliesLoaded (0ms)
			ExecutionOrderSort2 (0ms)
			AwakeInstancesAfterBackupRestoration (9ms)
Platform modules already initialized, skipping
Refreshing native plugins compatible for Editor in 0.32 ms, found 2 plugins.
Preloading 0 native plugins for Editor in 0.00 ms.
Unloading 1393 Unused Serialized files (Serialized files now loaded: 0)
System memory in use before: 68.7 MB.
System memory in use after: 68.8 MB.

Unloading 11 unused Assets to reduce memory usage. Loaded Objects now: 1880.
Total: 2.964700 ms (FindLiveObjects: 0.147800 ms CreateObjectMapping: 0.045100 ms MarkObjects: 2.752100 ms  DeleteObjects: 0.018200 ms)

AssetImportParameters requested are different than current active one (requested -> active):
  custom:framework-win-MediaFoundation: 216162199b28c13a410421893ffa2e32 -> 
  custom:video-decoder-ogg-theora: a1e56fd34408186e4bbccfd4996cb3dc -> 
  custom:container-muxer-webm: aa71ff27fc2769a1b78a27578f13a17b -> 
  custom:container-demuxer-webm: 4f35f7cbe854078d1ac9338744f61a02 -> 
  custom:container-demuxer-ogg: 62fdf1f143b41e24485cea50d1cbac27 -> 
  custom:video-encoder-webm-vp8: eb34c28f22e8b96e1ab97ce403110664 -> 
  custom:video-decoder-webm-vp8: 9c59270c3fd7afecdb556c50c9e8de78 -> 
  custom:audio-decoder-ogg-vorbis: bf7c407c2cedff20999df2af8eb42d56 -> 
  custom:audio-encoder-webm-vorbis: bf7c407c2cedff20999df2af8eb42d56 -> 
AssetImportWorkerClient::OnTransportError - code=2 error=End of file
